{"/home/user/mountblue/projects/mbcjs-16-1-ipl-sanjanasahoo/findEconomicalBowlers.js": {"path":"/home/user/mountblue/projects/mbcjs-16-1-ipl-sanjanasahoo/findEconomicalBowlers.js","statementMap":{"0":{"start":{"line":2,"column":23},"end":{"line":2,"column":25}},"1":{"start":{"line":4,"column":29},"end":{"line":4,"column":31}},"2":{"start":{"line":5,"column":23},"end":{"line":5,"column":25}},"3":{"start":{"line":6,"column":23},"end":{"line":6,"column":25}},"4":{"start":{"line":7,"column":4},"end":{"line":9,"column":6}},"5":{"start":{"line":8,"column":8},"end":{"line":8,"column":66}},"6":{"start":{"line":8,"column":37},"end":{"line":8,"column":66}},"7":{"start":{"line":10,"column":4},"end":{"line":10,"column":92}},"8":{"start":{"line":10,"column":50},"end":{"line":10,"column":91}},"9":{"start":{"line":11,"column":4},"end":{"line":18,"column":6}},"10":{"start":{"line":12,"column":8},"end":{"line":17,"column":9}},"11":{"start":{"line":13,"column":32},"end":{"line":13,"column":67}},"12":{"start":{"line":14,"column":12},"end":{"line":14,"column":98}},"13":{"start":{"line":16,"column":12},"end":{"line":16,"column":85}},"14":{"start":{"line":20,"column":5},"end":{"line":25,"column":6}},"15":{"start":{"line":22,"column":22},"end":{"line":22,"column":52}},"16":{"start":{"line":23,"column":8},"end":{"line":23,"column":31}},"17":{"start":{"line":26,"column":4},"end":{"line":26,"column":88}},"18":{"start":{"line":26,"column":46},"end":{"line":26,"column":75}},"19":{"start":{"line":27,"column":5},"end":{"line":29,"column":6}},"20":{"start":{"line":28,"column":8},"end":{"line":28,"column":38}},"21":{"start":{"line":30,"column":4},"end":{"line":30,"column":23}},"22":{"start":{"line":32,"column":0},"end":{"line":32,"column":41}}},"fnMap":{"0":{"name":"findEconomicalBowlers","decl":{"start":{"line":1,"column":9},"end":{"line":1,"column":30}},"loc":{"start":{"line":1,"column":51},"end":{"line":31,"column":1}},"line":1},"1":{"name":"(anonymous_1)","decl":{"start":{"line":7,"column":20},"end":{"line":7,"column":21}},"loc":{"start":{"line":7,"column":29},"end":{"line":9,"column":5}},"line":7},"2":{"name":"(anonymous_2)","decl":{"start":{"line":10,"column":37},"end":{"line":10,"column":38}},"loc":{"start":{"line":10,"column":50},"end":{"line":10,"column":91}},"line":10},"3":{"name":"(anonymous_3)","decl":{"start":{"line":11,"column":24},"end":{"line":11,"column":25}},"loc":{"start":{"line":11,"column":36},"end":{"line":18,"column":5}},"line":11},"4":{"name":"(anonymous_4)","decl":{"start":{"line":20,"column":60},"end":{"line":20,"column":61}},"loc":{"start":{"line":20,"column":86},"end":{"line":25,"column":5}},"line":20},"5":{"name":"(anonymous_5)","decl":{"start":{"line":26,"column":39},"end":{"line":26,"column":40}},"loc":{"start":{"line":26,"column":46},"end":{"line":26,"column":75}},"line":26},"6":{"name":"(anonymous_6)","decl":{"start":{"line":27,"column":27},"end":{"line":27,"column":28}},"loc":{"start":{"line":27,"column":47},"end":{"line":29,"column":5}},"line":27}},"branchMap":{"0":{"loc":{"start":{"line":8,"column":8},"end":{"line":8,"column":66}},"type":"if","locations":[{"start":{"line":8,"column":8},"end":{"line":8,"column":66}},{"start":{"line":8,"column":8},"end":{"line":8,"column":66}}],"line":8},"1":{"loc":{"start":{"line":12,"column":8},"end":{"line":17,"column":9}},"type":"if","locations":[{"start":{"line":12,"column":8},"end":{"line":17,"column":9}},{"start":{"line":12,"column":8},"end":{"line":17,"column":9}}],"line":12}},"s":{"0":0,"1":0,"2":0,"3":0,"4":0,"5":0,"6":0,"7":0,"8":0,"9":0,"10":0,"11":0,"12":0,"13":0,"14":0,"15":0,"16":0,"17":0,"18":0,"19":0,"20":0,"21":0,"22":1},"f":{"0":0,"1":0,"2":0,"3":0,"4":0,"5":0,"6":0},"b":{"0":[0,0],"1":[0,0]},"_coverageSchema":"1a1c01bbd47fc00a2c39e90264f33305004495a9","hash":"a220f9743ddb2118e92c259855a401bd43e8762a"}
,"/home/user/mountblue/projects/mbcjs-16-1-ipl-sanjanasahoo/findExtraRunsConceeded2016.js": {"path":"/home/user/mountblue/projects/mbcjs-16-1-ipl-sanjanasahoo/findExtraRunsConceeded2016.js","statementMap":{"0":{"start":{"line":2,"column":20},"end":{"line":2,"column":22}},"1":{"start":{"line":3,"column":23},"end":{"line":3,"column":25}},"2":{"start":{"line":5,"column":4},"end":{"line":8,"column":6}},"3":{"start":{"line":6,"column":8},"end":{"line":6,"column":66}},"4":{"start":{"line":6,"column":37},"end":{"line":6,"column":66}},"5":{"start":{"line":9,"column":3},"end":{"line":9,"column":91}},"6":{"start":{"line":9,"column":49},"end":{"line":9,"column":90}},"7":{"start":{"line":10,"column":3},"end":{"line":19,"column":5}},"8":{"start":{"line":11,"column":4},"end":{"line":18,"column":5}},"9":{"start":{"line":12,"column":24},"end":{"line":12,"column":58}},"10":{"start":{"line":13,"column":8},"end":{"line":13,"column":84}},"11":{"start":{"line":17,"column":8},"end":{"line":17,"column":72}},"12":{"start":{"line":20,"column":3},"end":{"line":20,"column":19}},"13":{"start":{"line":23,"column":0},"end":{"line":23,"column":47}}},"fnMap":{"0":{"name":"findExtraRunsConceeded2016","decl":{"start":{"line":1,"column":9},"end":{"line":1,"column":35}},"loc":{"start":{"line":1,"column":55},"end":{"line":22,"column":1}},"line":1},"1":{"name":"(anonymous_1)","decl":{"start":{"line":5,"column":20},"end":{"line":5,"column":21}},"loc":{"start":{"line":5,"column":29},"end":{"line":8,"column":5}},"line":5},"2":{"name":"(anonymous_2)","decl":{"start":{"line":9,"column":36},"end":{"line":9,"column":37}},"loc":{"start":{"line":9,"column":49},"end":{"line":9,"column":90}},"line":9},"3":{"name":"(anonymous_3)","decl":{"start":{"line":10,"column":23},"end":{"line":10,"column":24}},"loc":{"start":{"line":10,"column":35},"end":{"line":19,"column":4}},"line":10}},"branchMap":{"0":{"loc":{"start":{"line":6,"column":8},"end":{"line":6,"column":66}},"type":"if","locations":[{"start":{"line":6,"column":8},"end":{"line":6,"column":66}},{"start":{"line":6,"column":8},"end":{"line":6,"column":66}}],"line":6},"1":{"loc":{"start":{"line":11,"column":4},"end":{"line":18,"column":5}},"type":"if","locations":[{"start":{"line":11,"column":4},"end":{"line":18,"column":5}},{"start":{"line":11,"column":4},"end":{"line":18,"column":5}}],"line":11}},"s":{"0":0,"1":0,"2":0,"3":0,"4":0,"5":0,"6":0,"7":0,"8":0,"9":0,"10":0,"11":0,"12":0,"13":1},"f":{"0":0,"1":0,"2":0,"3":0},"b":{"0":[0,0],"1":[0,0]},"_coverageSchema":"1a1c01bbd47fc00a2c39e90264f33305004495a9","hash":"de8c0dd7e0131f647859e9952cbe75822112a9e0"}
,"/home/user/mountblue/projects/mbcjs-16-1-ipl-sanjanasahoo/findMatchesPerYear.js": {"path":"/home/user/mountblue/projects/mbcjs-16-1-ipl-sanjanasahoo/findMatchesPerYear.js","statementMap":{"0":{"start":{"line":2,"column":22},"end":{"line":2,"column":24}},"1":{"start":{"line":3,"column":1},"end":{"line":8,"column":3}},"2":{"start":{"line":4,"column":5},"end":{"line":7,"column":6}},"3":{"start":{"line":4,"column":36},"end":{"line":4,"column":65}},"4":{"start":{"line":6,"column":8},"end":{"line":6,"column":38}},"5":{"start":{"line":9,"column":1},"end":{"line":9,"column":20}},"6":{"start":{"line":11,"column":0},"end":{"line":11,"column":39}}},"fnMap":{"0":{"name":"findMatchesPerYear","decl":{"start":{"line":1,"column":9},"end":{"line":1,"column":27}},"loc":{"start":{"line":1,"column":36},"end":{"line":10,"column":1}},"line":1},"1":{"name":"(anonymous_1)","decl":{"start":{"line":3,"column":17},"end":{"line":3,"column":18}},"loc":{"start":{"line":3,"column":26},"end":{"line":8,"column":2}},"line":3}},"branchMap":{"0":{"loc":{"start":{"line":4,"column":5},"end":{"line":7,"column":6}},"type":"if","locations":[{"start":{"line":4,"column":5},"end":{"line":7,"column":6}},{"start":{"line":4,"column":5},"end":{"line":7,"column":6}}],"line":4}},"s":{"0":1,"1":1,"2":636,"3":626,"4":10,"5":1,"6":1},"f":{"0":1,"1":636},"b":{"0":[626,10]},"_coverageSchema":"1a1c01bbd47fc00a2c39e90264f33305004495a9","hash":"33eaa958abf76667c6fcf046ce7df6f1618a3127"}
,"/home/user/mountblue/projects/mbcjs-16-1-ipl-sanjanasahoo/findMatchesWonPerTeamPerYear.js": {"path":"/home/user/mountblue/projects/mbcjs-16-1-ipl-sanjanasahoo/findMatchesWonPerTeamPerYear.js","statementMap":{"0":{"start":{"line":2,"column":35},"end":{"line":2,"column":37}},"1":{"start":{"line":3,"column":4},"end":{"line":16,"column":6}},"2":{"start":{"line":4,"column":7},"end":{"line":15,"column":8}},"3":{"start":{"line":5,"column":8},"end":{"line":10,"column":9}},"4":{"start":{"line":6,"column":12},"end":{"line":6,"column":68}},"5":{"start":{"line":9,"column":12},"end":{"line":9,"column":67}},"6":{"start":{"line":13,"column":8},"end":{"line":13,"column":51}},"7":{"start":{"line":14,"column":8},"end":{"line":14,"column":64}},"8":{"start":{"line":17,"column":4},"end":{"line":17,"column":35}},"9":{"start":{"line":19,"column":0},"end":{"line":19,"column":47}}},"fnMap":{"0":{"name":"findMatchesWonPerTeamPerYear","decl":{"start":{"line":1,"column":9},"end":{"line":1,"column":37}},"loc":{"start":{"line":1,"column":46},"end":{"line":18,"column":1}},"line":1},"1":{"name":"(anonymous_1)","decl":{"start":{"line":3,"column":20},"end":{"line":3,"column":21}},"loc":{"start":{"line":3,"column":29},"end":{"line":16,"column":5}},"line":3}},"branchMap":{"0":{"loc":{"start":{"line":4,"column":7},"end":{"line":15,"column":8}},"type":"if","locations":[{"start":{"line":4,"column":7},"end":{"line":15,"column":8}},{"start":{"line":4,"column":7},"end":{"line":15,"column":8}}],"line":4},"1":{"loc":{"start":{"line":5,"column":8},"end":{"line":10,"column":9}},"type":"if","locations":[{"start":{"line":5,"column":8},"end":{"line":10,"column":9}},{"start":{"line":5,"column":8},"end":{"line":10,"column":9}}],"line":5}},"s":{"0":0,"1":0,"2":0,"3":0,"4":0,"5":0,"6":0,"7":0,"8":0,"9":1},"f":{"0":0,"1":0},"b":{"0":[0,0],"1":[0,0]},"_coverageSchema":"1a1c01bbd47fc00a2c39e90264f33305004495a9","hash":"73fd90b36ca21e9ddd9d9349d68e7458e5507391"}
,"/home/user/mountblue/projects/mbcjs-16-1-ipl-sanjanasahoo/index.js": {"path":"/home/user/mountblue/projects/mbcjs-16-1-ipl-sanjanasahoo/index.js","statementMap":{"0":{"start":{"line":1,"column":18},"end":{"line":1,"column":49}},"1":{"start":{"line":2,"column":18},"end":{"line":2,"column":60}},"2":{"start":{"line":3,"column":18},"end":{"line":3,"column":58}},"3":{"start":{"line":4,"column":18},"end":{"line":4,"column":53}},"4":{"start":{"line":5,"column":11},"end":{"line":5,"column":26}},"5":{"start":{"line":6,"column":12},"end":{"line":6,"column":32}},"6":{"start":{"line":7,"column":11},"end":{"line":7,"column":24}},"7":{"start":{"line":8,"column":13},"end":{"line":8,"column":15}},"8":{"start":{"line":9,"column":18},"end":{"line":9,"column":20}},"9":{"start":{"line":11,"column":25},"end":{"line":21,"column":2}},"10":{"start":{"line":12,"column":4},"end":{"line":20,"column":36}},"11":{"start":{"line":13,"column":8},"end":{"line":16,"column":9}},"12":{"start":{"line":14,"column":12},"end":{"line":14,"column":30}},"13":{"start":{"line":15,"column":12},"end":{"line":15,"column":21}},"14":{"start":{"line":17,"column":8},"end":{"line":17,"column":52}},"15":{"start":{"line":17,"column":31},"end":{"line":17,"column":51}},"16":{"start":{"line":20,"column":19},"end":{"line":20,"column":35}},"17":{"start":{"line":22,"column":26},"end":{"line":31,"column":2}},"18":{"start":{"line":23,"column":4},"end":{"line":30,"column":39}},"19":{"start":{"line":24,"column":8},"end":{"line":27,"column":9}},"20":{"start":{"line":25,"column":12},"end":{"line":25,"column":30}},"21":{"start":{"line":26,"column":12},"end":{"line":26,"column":21}},"22":{"start":{"line":28,"column":8},"end":{"line":28,"column":55}},"23":{"start":{"line":28,"column":31},"end":{"line":28,"column":54}},"24":{"start":{"line":30,"column":19},"end":{"line":30,"column":38}},"25":{"start":{"line":34,"column":17},"end":{"line":34,"column":46}},"26":{"start":{"line":35,"column":4},"end":{"line":41,"column":6}},"27":{"start":{"line":36,"column":8},"end":{"line":39,"column":9}},"28":{"start":{"line":37,"column":12},"end":{"line":37,"column":30}},"29":{"start":{"line":38,"column":12},"end":{"line":38,"column":21}},"30":{"start":{"line":43,"column":1},"end":{"line":53,"column":2}},"31":{"start":{"line":44,"column":4},"end":{"line":44,"column":47}},"32":{"start":{"line":44,"column":20},"end":{"line":44,"column":47}},"33":{"start":{"line":45,"column":23},"end":{"line":45,"column":60}},"34":{"start":{"line":46,"column":4},"end":{"line":46,"column":50}},"35":{"start":{"line":47,"column":36},"end":{"line":47,"column":83}},"36":{"start":{"line":48,"column":4},"end":{"line":48,"column":63}},"37":{"start":{"line":49,"column":30},"end":{"line":49,"column":86}},"38":{"start":{"line":50,"column":4},"end":{"line":50,"column":56}},"39":{"start":{"line":51,"column":34},"end":{"line":51,"column":85}},"40":{"start":{"line":52,"column":4},"end":{"line":52,"column":60}},"41":{"start":{"line":54,"column":0},"end":{"line":54,"column":50}}},"fnMap":{"0":{"name":"(anonymous_0)","decl":{"start":{"line":11,"column":37},"end":{"line":11,"column":38}},"loc":{"start":{"line":11,"column":58},"end":{"line":21,"column":1}},"line":11},"1":{"name":"(anonymous_1)","decl":{"start":{"line":12,"column":66},"end":{"line":12,"column":67}},"loc":{"start":{"line":12,"column":87},"end":{"line":19,"column":5}},"line":12},"2":{"name":"(anonymous_2)","decl":{"start":{"line":17,"column":20},"end":{"line":17,"column":21}},"loc":{"start":{"line":17,"column":31},"end":{"line":17,"column":51}},"line":17},"3":{"name":"(anonymous_3)","decl":{"start":{"line":20,"column":14},"end":{"line":20,"column":15}},"loc":{"start":{"line":20,"column":19},"end":{"line":20,"column":35}},"line":20},"4":{"name":"(anonymous_4)","decl":{"start":{"line":22,"column":38},"end":{"line":22,"column":39}},"loc":{"start":{"line":22,"column":59},"end":{"line":31,"column":1}},"line":22},"5":{"name":"(anonymous_5)","decl":{"start":{"line":23,"column":69},"end":{"line":23,"column":70}},"loc":{"start":{"line":23,"column":90},"end":{"line":29,"column":5}},"line":23},"6":{"name":"(anonymous_6)","decl":{"start":{"line":28,"column":20},"end":{"line":28,"column":21}},"loc":{"start":{"line":28,"column":31},"end":{"line":28,"column":54}},"line":28},"7":{"name":"(anonymous_7)","decl":{"start":{"line":30,"column":14},"end":{"line":30,"column":15}},"loc":{"start":{"line":30,"column":19},"end":{"line":30,"column":38}},"line":30},"8":{"name":"writeToFile","decl":{"start":{"line":33,"column":9},"end":{"line":33,"column":20}},"loc":{"start":{"line":33,"column":39},"end":{"line":42,"column":1}},"line":33},"9":{"name":"(anonymous_9)","decl":{"start":{"line":35,"column":33},"end":{"line":35,"column":34}},"loc":{"start":{"line":35,"column":42},"end":{"line":41,"column":5}},"line":35},"10":{"name":"(anonymous_10)","decl":{"start":{"line":43,"column":52},"end":{"line":43,"column":53}},"loc":{"start":{"line":43,"column":60},"end":{"line":53,"column":1}},"line":43}},"branchMap":{"0":{"loc":{"start":{"line":13,"column":8},"end":{"line":16,"column":9}},"type":"if","locations":[{"start":{"line":13,"column":8},"end":{"line":16,"column":9}},{"start":{"line":13,"column":8},"end":{"line":16,"column":9}}],"line":13},"1":{"loc":{"start":{"line":24,"column":8},"end":{"line":27,"column":9}},"type":"if","locations":[{"start":{"line":24,"column":8},"end":{"line":27,"column":9}},{"start":{"line":24,"column":8},"end":{"line":27,"column":9}}],"line":24},"2":{"loc":{"start":{"line":36,"column":8},"end":{"line":39,"column":9}},"type":"if","locations":[{"start":{"line":36,"column":8},"end":{"line":39,"column":9}},{"start":{"line":36,"column":8},"end":{"line":39,"column":9}}],"line":36},"3":{"loc":{"start":{"line":44,"column":4},"end":{"line":44,"column":47}},"type":"if","locations":[{"start":{"line":44,"column":4},"end":{"line":44,"column":47}},{"start":{"line":44,"column":4},"end":{"line":44,"column":47}}],"line":44}},"s":{"0":1,"1":1,"2":1,"3":1,"4":1,"5":1,"6":1,"7":1,"8":1,"9":1,"10":1,"11":1,"12":0,"13":0,"14":1,"15":636,"16":1,"17":1,"18":1,"19":0,"20":0,"21":0,"22":0,"23":0,"24":0,"25":0,"26":0,"27":0,"28":0,"29":0,"30":1,"31":0,"32":0,"33":0,"34":0,"35":0,"36":0,"37":0,"38":0,"39":0,"40":0,"41":1},"f":{"0":1,"1":1,"2":636,"3":1,"4":1,"5":0,"6":0,"7":0,"8":0,"9":0,"10":0},"b":{"0":[0,1],"1":[0,0],"2":[0,0],"3":[0,0]},"_coverageSchema":"1a1c01bbd47fc00a2c39e90264f33305004495a9","hash":"9a6d1a7c7e8f50157f521c015903b99132dca511"}
}
